[2025-07-08 10:09:23] local.INFO: Update takeaway order attempt {"order_id":7,"request_data":{"_token":"ZVsPy0rVPTVqRn8B4Yd2C50Gm1qbGydzC8RJvfHS","_method":"PUT","branch_id":"1","order_time":"2025-07-09T09:06","customer_name":"Walk-in Customer","customer_phone":"+94000000000","items":[{"item_id":"1","quantity":"1"},{"item_id":"2","quantity":"1"},{"item_id":"7","quantity":"1"}]}} 
[2025-07-08 10:09:23] local.ERROR: Failed to update takeaway order {"order_id":7,"error":"SQLSTATE[23502]: Not null violation: 7 ERROR:  null value in column \"subtotal\" of relation \"order_items\" violates not-null constraint
DETAIL:  Failing row contains (11, 7, 1, Cappuccino, null, 450.00, 1, null, null, null, pending, null, null, 2025-07-08 10:09:23, 2025-07-08 10:09:23, 450.00, null). (Connection: pgsql, SQL: insert into \"order_items\" (\"created_at\", \"item_name\", \"menu_item_id\", \"order_id\", \"quantity\", \"total_price\", \"unit_price\", \"updated_at\") values (2025-07-08 10:09:23, Cappuccino, 1, 7, 1, 450, 450.00, 2025-07-08 10:09:23), (2025-07-08 10:09:23, Ceylon Black Tea, 2, 7, 1, 300, 300.00, 2025-07-08 10:09:23), (2025-07-08 10:09:23, Bruschetta Trio, 7, 7, 1, 950, 950.00, 2025-07-08 10:09:23))","trace":"#0 D:\\unitec\\Restaurent-Management-Sysytem\\vendor\\laravel\\framework\\src\\Illuminate\\Database\\Connection.php(776): Illuminate\\Database\\Connection->runQueryCallback('insert into \"or...', Array, Object(Closure))
#1 D:\\unitec\\Restaurent-Management-Sysytem\\vendor\\laravel\\framework\\src\\Illuminate\\Database\\Connection.php(557): Illuminate\\Database\\Connection->run('insert into \"or...', Array, Object(Closure))
#2 D:\\unitec\\Restaurent-Management-Sysytem\\vendor\\laravel\\framework\\src\\Illuminate\\Database\\Connection.php(521): Illuminate\\Database\\Connection->statement('insert into \"or...', Array)
#3 D:\\unitec\\Restaurent-Management-Sysytem\\vendor\\laravel\\framework\\src\\Illuminate\\Database\\Query\\Builder.php(3747): Illuminate\\Database\\Connection->insert('insert into \"or...', Array)
#4 D:\\unitec\\Restaurent-Management-Sysytem\\vendor\\laravel\\framework\\src\\Illuminate\\Database\\Eloquent\\Builder.php(2205): Illuminate\\Database\\Query\\Builder->insert(Array)
#5 D:\\unitec\\Restaurent-Management-Sysytem\\vendor\\laravel\\framework\\src\\Illuminate\\Support\\Traits\\ForwardsCalls.php(23): Illuminate\\Database\\Eloquent\\Builder->__call('insert', Array)
#6 D:\\unitec\\Restaurent-Management-Sysytem\\vendor\\laravel\\framework\\src\\Illuminate\\Database\\Eloquent\\Model.php(2496): Illuminate\\Database\\Eloquent\\Model->forwardCallTo(Object(Illuminate\\Database\\Eloquent\\Builder), 'insert', Array)
#7 D:\\unitec\\Restaurent-Management-Sysytem\\vendor\\laravel\\framework\\src\\Illuminate\\Database\\Eloquent\\Model.php(2512): Illuminate\\Database\\Eloquent\\Model->__call('insert', Array)
#8 D:\\unitec\\Restaurent-Management-Sysytem\\app\\Http\\Controllers\\OrderController.php(947): Illuminate\\Database\\Eloquent\\Model::__callStatic('insert', Array)
#9 D:\\unitec\\Restaurent-Management-Sysytem\\vendor\\laravel\\framework\\src\\Illuminate\\Routing\\Controller.php(54): App\\Http\\Controllers\\OrderController->updateTakeaway(Object(Illuminate\\Http\\Request), Object(App\\Models\\Order))
#10 D:\\unitec\\Restaurent-Management-Sysytem\\vendor\\laravel\\framework\\src\\Illuminate\\Routing\\ControllerDispatcher.php(43): Illuminate\\Routing\\Controller->callAction('updateTakeaway', Array)
#11 D:\\unitec\\Restaurent-Management-Sysytem\\vendor\\laravel\\framework\\src\\Illuminate\\Routing\\Route.php(265): Illuminate\\Routing\\ControllerDispatcher->dispatch(Object(Illuminate\\Routing\\Route), Object(App\\Http\\Controllers\\OrderController), 'updateTakeaway')
#12 D:\\unitec\\Restaurent-Management-Sysytem\\vendor\\laravel\\framework\\src\\Illuminate\\Routing\\Route.php(211): Illuminate\\Routing\\Route->runController()
#13 D:\\unitec\\Restaurent-Management-Sysytem\\vendor\\laravel\\framework\\src\\Illuminate\\Routing\\Router.php(808): Illuminate\\Routing\\Route->run()
#14 D:\\unitec\\Restaurent-Management-Sysytem\\vendor\\laravel\\framework\\src\\Illuminate\\Pipeline\\Pipeline.php(169): Illuminate\\Routing\\Router->{closure:Illuminate\\Routing\\Router::runRouteWithinStack():807}(Object(Illuminate\\Http\\Request))
#15 D:\\unitec\\Restaurent-Management-Sysytem\\vendor\\laravel\\framework\\src\\Illuminate\\Routing\\Middleware\\SubstituteBindings.php(50): Illuminate\\Pipeline\\Pipeline->{closure:Illuminate\\Pipeline\\Pipeline::prepareDestination():167}(Object(Illuminate\\Http\\Request))
#16 D:\\unitec\\Restaurent-Management-Sysytem\\vendor\\laravel\\framework\\src\\Illuminate\\Pipeline\\Pipeline.php(208): Illuminate\\Routing\\Middleware\\SubstituteBindings->handle(Object(Illuminate\\Http\\Request), Object(Closure))
#17 D:\\unitec\\Restaurent-Management-Sysytem\\vendor\\laravel\\framework\\src\\Illuminate\\Foundation\\Http\\Middleware\\VerifyCsrfToken.php(87): Illuminate\\Pipeline\\Pipeline->{closure:{closure:Illuminate\\Pipeline\\Pipeline::carry():183}:184}(Object(Illuminate\\Http\\Request))
#18 D:\\unitec\\Restaurent-Management-Sysytem\\vendor\\laravel\\framework\\src\\Illuminate\\Pipeline\\Pipeline.php(208): Illuminate\\Foundation\\Http\\Middleware\\VerifyCsrfToken->handle(Object(Illuminate\\Http\\Request), Object(Closure))
#19 D:\\unitec\\Restaurent-Management-Sysytem\\vendor\\laravel\\framework\\src\\Illuminate\\View\\Middleware\\ShareErrorsFromSession.php(48): Illuminate\\Pipeline\\Pipeline->{closure:{closure:Illuminate\\Pipeline\\Pipeline::carry():183}:184}(Object(Illuminate\\Http\\Request))
#20 D:\\unitec\\Restaurent-Management-Sysytem\\vendor\\laravel\\framework\\src\\Illuminate\\Pipeline\\Pipeline.php(208): Illuminate\\View\\Middleware\\ShareErrorsFromSession->handle(Object(Illuminate\\Http\\Request), Object(Closure))
#21 D:\\unitec\\Restaurent-Management-Sysytem\\vendor\\laravel\\framework\\src\\Illuminate\\Session\\Middleware\\StartSession.php(120): Illuminate\\Pipeline\\Pipeline->{closure:{closure:Illuminate\\Pipeline\\Pipeline::carry():183}:184}(Object(Illuminate\\Http\\Request))
#22 D:\\unitec\\Restaurent-Management-Sysytem\\vendor\\laravel\\framework\\src\\Illuminate\\Session\\Middleware\\StartSession.php(63): Illuminate\\Session\\Middleware\\StartSession->handleStatefulRequest(Object(Illuminate\\Http\\Request), Object(Illuminate\\Session\\Store), Object(Closure))
#23 D:\\unitec\\Restaurent-Management-Sysytem\\vendor\\laravel\\framework\\src\\Illuminate\\Pipeline\\Pipeline.php(208): Illuminate\\Session\\Middleware\\StartSession->handle(Object(Illuminate\\Http\\Request), Object(Closure))
#24 D:\\unitec\\Restaurent-Management-Sysytem\\vendor\\laravel\\framework\\src\\Illuminate\\Cookie\\Middleware\\AddQueuedCookiesToResponse.php(36): Illuminate\\Pipeline\\Pipeline->{closure:{closure:Illuminate\\Pipeline\\Pipeline::carry():183}:184}(Object(Illuminate\\Http\\Request))
#25 D:\\unitec\\Restaurent-Management-Sysytem\\vendor\\laravel\\framework\\src\\Illuminate\\Pipeline\\Pipeline.php(208): Illuminate\\Cookie\\Middleware\\AddQueuedCookiesToResponse->handle(Object(Illuminate\\Http\\Request), Object(Closure))
#26 D:\\unitec\\Restaurent-Management-Sysytem\\vendor\\laravel\\framework\\src\\Illuminate\\Cookie\\Middleware\\EncryptCookies.php(74): Illuminate\\Pipeline\\Pipeline->{closure:{closure:Illuminate\\Pipeline\\Pipeline::carry():183}:184}(Object(Illuminate\\Http\\Request))
#27 D:\\unitec\\Restaurent-Management-Sysytem\\vendor\\laravel\\framework\\src\\Illuminate\\Pipeline\\Pipeline.php(208): Illuminate\\Cookie\\Middleware\\EncryptCookies->handle(Object(Illuminate\\Http\\Request), Object(Closure))
#28 D:\\unitec\\Restaurent-Management-Sysytem\\vendor\\laravel\\framework\\src\\Illuminate\\Pipeline\\Pipeline.php(126): Illuminate\\Pipeline\\Pipeline->{closure:{closure:Illuminate\\Pipeline\\Pipeline::carry():183}:184}(Object(Illuminate\\Http\\Request))
#29 D:\\unitec\\Restaurent-Management-Sysytem\\vendor\\laravel\\framework\\src\\Illuminate\\Routing\\Router.php(807): Illuminate\\Pipeline\\Pipeline->then(Object(Closure))
#30 D:\\unitec\\Restaurent-Management-Sysytem\\vendor\\laravel\\framework\\src\\Illuminate\\Routing\\Router.php(786): Illuminate\\Routing\\Router->runRouteWithinStack(Object(Illuminate\\Routing\\Route), Object(Illuminate\\Http\\Request))
#31 D:\\unitec\\Restaurent-Management-Sysytem\\vendor\\laravel\\framework\\src\\Illuminate\\Routing\\Router.php(750): Illuminate\\Routing\\Router->runRoute(Object(Illuminate\\Http\\Request), Object(Illuminate\\Routing\\Route))
#32 D:\\unitec\\Restaurent-Management-Sysytem\\vendor\\laravel\\framework\\src\\Illuminate\\Routing\\Router.php(739): Illuminate\\Routing\\Router->dispatchToRoute(Object(Illuminate\\Http\\Request))
#33 D:\\unitec\\Restaurent-Management-Sysytem\\vendor\\laravel\\framework\\src\\Illuminate\\Foundation\\Http\\Kernel.php(200): Illuminate\\Routing\\Router->dispatch(Object(Illuminate\\Http\\Request))
#34 D:\\unitec\\Restaurent-Management-Sysytem\\vendor\\laravel\\framework\\src\\Illuminate\\Pipeline\\Pipeline.php(169): Illuminate\\Foundation\\Http\\Kernel->{closure:Illuminate\\Foundation\\Http\\Kernel::dispatchToRouter():197}(Object(Illuminate\\Http\\Request))
#35 D:\\unitec\\Restaurent-Management-Sysytem\\vendor\\laravel\\framework\\src\\Illuminate\\Foundation\\Http\\Middleware\\TransformsRequest.php(21): Illuminate\\Pipeline\\Pipeline->{closure:Illuminate\\Pipeline\\Pipeline::prepareDestination():167}(Object(Illuminate\\Http\\Request))
#36 D:\\unitec\\Restaurent-Management-Sysytem\\vendor\\laravel\\framework\\src\\Illuminate\\Foundation\\Http\\Middleware\\ConvertEmptyStringsToNull.php(31): Illuminate\\Foundation\\Http\\Middleware\\TransformsRequest->handle(Object(Illuminate\\Http\\Request), Object(Closure))
#37 D:\\unitec\\Restaurent-Management-Sysytem\\vendor\\laravel\\framework\\src\\Illuminate\\Pipeline\\Pipeline.php(208): Illuminate\\Foundation\\Http\\Middleware\\ConvertEmptyStringsToNull->handle(Object(Illuminate\\Http\\Request), Object(Closure))
#38 D:\\unitec\\Restaurent-Management-Sysytem\\vendor\\laravel\\framework\\src\\Illuminate\\Foundation\\Http\\Middleware\\TransformsRequest.php(21): Illuminate\\Pipeline\\Pipeline->{closure:{closure:Illuminate\\Pipeline\\Pipeline::carry():183}:184}(Object(Illuminate\\Http\\Request))
#39 D:\\unitec\\Restaurent-Management-Sysytem\\vendor\\laravel\\framework\\src\\Illuminate\\Foundation\\Http\\Middleware\\TrimStrings.php(51): Illuminate\\Foundation\\Http\\Middleware\\TransformsRequest->handle(Object(Illuminate\\Http\\Request), Object(Closure))
#40 D:\\unitec\\Restaurent-Management-Sysytem\\vendor\\laravel\\framework\\src\\Illuminate\\Pipeline\\Pipeline.php(208): Illuminate\\Foundation\\Http\\Middleware\\TrimStrings->handle(Object(Illuminate\\Http\\Request), Object(Closure))
#41 D:\\unitec\\Restaurent-Management-Sysytem\\vendor\\laravel\\framework\\src\\Illuminate\\Http\\Middleware\\ValidatePostSize.php(27): Illuminate\\Pipeline\\Pipeline->{closure:{closure:Illuminate\\Pipeline\\Pipeline::carry():183}:184}(Object(Illuminate\\Http\\Request))
#42 D:\\unitec\\Restaurent-Management-Sysytem\\vendor\\laravel\\framework\\src\\Illuminate\\Pipeline\\Pipeline.php(208): Illuminate\\Http\\Middleware\\ValidatePostSize->handle(Object(Illuminate\\Http\\Request), Object(Closure))
#43 D:\\unitec\\Restaurent-Management-Sysytem\\vendor\\laravel\\framework\\src\\Illuminate\\Foundation\\Http\\Middleware\\PreventRequestsDuringMaintenance.php(109): Illuminate\\Pipeline\\Pipeline->{closure:{closure:Illuminate\\Pipeline\\Pipeline::carry():183}:184}(Object(Illuminate\\Http\\Request))
#44 D:\\unitec\\Restaurent-Management-Sysytem\\vendor\\laravel\\framework\\src\\Illuminate\\Pipeline\\Pipeline.php(208): Illuminate\\Foundation\\Http\\Middleware\\PreventRequestsDuringMaintenance->handle(Object(Illuminate\\Http\\Request), Object(Closure))
#45 D:\\unitec\\Restaurent-Management-Sysytem\\vendor\\laravel\\framework\\src\\Illuminate\\Http\\Middleware\\HandleCors.php(48): Illuminate\\Pipeline\\Pipeline->{closure:{closure:Illuminate\\Pipeline\\Pipeline::carry():183}:184}(Object(Illuminate\\Http\\Request))
#46 D:\\unitec\\Restaurent-Management-Sysytem\\vendor\\laravel\\framework\\src\\Illuminate\\Pipeline\\Pipeline.php(208): Illuminate\\Http\\Middleware\\HandleCors->handle(Object(Illuminate\\Http\\Request), Object(Closure))
#47 D:\\unitec\\Restaurent-Management-Sysytem\\vendor\\laravel\\framework\\src\\Illuminate\\Http\\Middleware\\TrustProxies.php(58): Illuminate\\Pipeline\\Pipeline->{closure:{closure:Illuminate\\Pipeline\\Pipeline::carry():183}:184}(Object(Illuminate\\Http\\Request))
#48 D:\\unitec\\Restaurent-Management-Sysytem\\vendor\\laravel\\framework\\src\\Illuminate\\Pipeline\\Pipeline.php(208): Illuminate\\Http\\Middleware\\TrustProxies->handle(Object(Illuminate\\Http\\Request), Object(Closure))
#49 D:\\unitec\\Restaurent-Management-Sysytem\\vendor\\laravel\\framework\\src\\Illuminate\\Foundation\\Http\\Middleware\\InvokeDeferredCallbacks.php(22): Illuminate\\Pipeline\\Pipeline->{closure:{closure:Illuminate\\Pipeline\\Pipeline::carry():183}:184}(Object(Illuminate\\Http\\Request))
#50 D:\\unitec\\Restaurent-Management-Sysytem\\vendor\\laravel\\framework\\src\\Illuminate\\Pipeline\\Pipeline.php(208): Illuminate\\Foundation\\Http\\Middleware\\InvokeDeferredCallbacks->handle(Object(Illuminate\\Http\\Request), Object(Closure))
#51 D:\\unitec\\Restaurent-Management-Sysytem\\vendor\\laravel\\framework\\src\\Illuminate\\Http\\Middleware\\ValidatePathEncoding.php(26): Illuminate\\Pipeline\\Pipeline->{closure:{closure:Illuminate\\Pipeline\\Pipeline::carry():183}:184}(Object(Illuminate\\Http\\Request))
#52 D:\\unitec\\Restaurent-Management-Sysytem\\vendor\\laravel\\framework\\src\\Illuminate\\Pipeline\\Pipeline.php(208): Illuminate\\Http\\Middleware\\ValidatePathEncoding->handle(Object(Illuminate\\Http\\Request), Object(Closure))
#53 D:\\unitec\\Restaurent-Management-Sysytem\\vendor\\laravel\\framework\\src\\Illuminate\\Pipeline\\Pipeline.php(126): Illuminate\\Pipeline\\Pipeline->{closure:{closure:Illuminate\\Pipeline\\Pipeline::carry():183}:184}(Object(Illuminate\\Http\\Request))
#54 D:\\unitec\\Restaurent-Management-Sysytem\\vendor\\laravel\\framework\\src\\Illuminate\\Foundation\\Http\\Kernel.php(175): Illuminate\\Pipeline\\Pipeline->then(Object(Closure))
#55 D:\\unitec\\Restaurent-Management-Sysytem\\vendor\\laravel\\framework\\src\\Illuminate\\Foundation\\Http\\Kernel.php(144): Illuminate\\Foundation\\Http\\Kernel->sendRequestThroughRouter(Object(Illuminate\\Http\\Request))
#56 D:\\unitec\\Restaurent-Management-Sysytem\\vendor\\laravel\\framework\\src\\Illuminate\\Foundation\\Application.php(1219): Illuminate\\Foundation\\Http\\Kernel->handle(Object(Illuminate\\Http\\Request))
#57 D:\\unitec\\Restaurent-Management-Sysytem\\public\\index.php(20): Illuminate\\Foundation\\Application->handleRequest(Object(Illuminate\\Http\\Request))
#58 C:\\Program Files\\Herd\\resources\\app.asar.unpacked\\resources\\valet\\server.php(139): require('D:\\\\unitec\\\\Resta...')
#59 {main}"} 
[2025-07-08 10:19:43] local.INFO: Order items subtotal NOT NULL constraint violations fixed - All OrderItem::create and OrderItem::insert now include subtotal field  
[2025-07-08 10:20:05] local.INFO: Update takeaway order attempt {"order_id":7,"request_data":{"_token":"ZVsPy0rVPTVqRn8B4Yd2C50Gm1qbGydzC8RJvfHS","_method":"PUT","branch_id":"1","order_time":"2025-07-09T09:06","customer_name":"Walk-in Customer","customer_phone":"+94000000000","items":[{"item_id":"1","quantity":"1"},{"item_id":"2","quantity":"1"},{"item_id":"3","quantity":"1"}]}} 
[2025-07-08 10:20:05] local.INFO: Takeaway order updated successfully {"order_id":7,"items_count":3,"subtotal":2000.0,"total":2200.0} 
[2025-07-08 10:20:32] local.INFO: Admin login successful {"admin_id":1,"email":"superadmin@rms.com","ip":"127.0.0.1","user_agent":"Mozilla/5.0 (Windows NT 10.0; Win64; x64) AppleWebKit/537.36 (KHTML, like Gecko) Chrome/138.0.0.0 Safari/537.36","session_id":"3RqbgHV4vEdSRDvYxFhUgp33WBhV9DgqJ31Iu56i"} 
[2025-07-08 10:20:32] local.ERROR: Dashboard error: Call to undefined relationship [table] on model [App\Models\Reservation].  
